TN:
SF:src/components/auth/LoginPage.tsx
FN:6,LoginPage
FN:16,handleSubmit
FN:62,onChange
FN:78,onChange
FN:91,onClick
FN:107,onChange
FNF:6
FNH:5
FNDA:24,LoginPage
FNDA:7,handleSubmit
FNDA:6,onChange
FNDA:0,onChange
FNDA:1,onClick
FNDA:1,onChange
DA:1,1
DA:6,1
DA:7,24
DA:8,24
DA:9,24
DA:10,24
DA:11,24
DA:12,24
DA:13,24
DA:14,24
DA:16,24
DA:17,7
DA:18,7
DA:19,7
DA:20,7
DA:21,7
DA:22,7
DA:23,1
DA:24,1
DA:25,7
DA:26,0
DA:27,7
DA:28,7
DA:29,7
DA:30,7
DA:32,24
DA:33,24
DA:34,24
DA:35,24
DA:36,24
DA:37,24
DA:38,24
DA:39,24
DA:40,24
DA:41,24
DA:42,24
DA:44,24
DA:45,24
DA:47,24
DA:48,24
DA:50,24
DA:52,24
DA:53,24
DA:54,24
DA:55,24
DA:56,24
DA:57,24
DA:58,24
DA:59,24
DA:60,24
DA:61,24
DA:62,24
DA:63,24
DA:64,24
DA:65,24
DA:68,24
DA:69,24
DA:70,24
DA:71,24
DA:72,24
DA:73,24
DA:74,24
DA:75,24
DA:76,24
DA:77,24
DA:78,24
DA:79,24
DA:80,24
DA:81,24
DA:84,24
DA:85,24
DA:86,24
DA:87,24
DA:88,24
DA:89,24
DA:90,24
DA:91,24
DA:92,24
DA:94,24
DA:95,24
DA:96,24
DA:97,24
DA:98,4
DA:99,4
DA:100,4
DA:101,4
DA:102,4
DA:103,4
DA:104,4
DA:105,4
DA:106,4
DA:107,4
DA:108,4
DA:109,4
DA:110,4
DA:111,4
DA:113,24
DA:116,24
DA:117,24
DA:118,24
DA:119,24
DA:120,24
DA:122,24
DA:123,3
DA:124,3
DA:125,3
DA:126,3
DA:128,21
DA:129,21
DA:130,21
DA:131,21
DA:133,24
DA:134,24
DA:137,24
DA:138,24
DA:139,24
DA:140,24
DA:141,24
DA:142,24
DA:143,24
DA:144,24
DA:145,24
DA:146,24
DA:147,24
DA:148,24
DA:149,24
DA:150,24
DA:151,24
DA:152,24
DA:153,24
DA:154,24
DA:155,24
DA:156,24
DA:157,24
DA:158,24
DA:159,24
DA:160,24
DA:161,24
DA:163,24
DA:164,24
DA:165,24
DA:166,24
DA:168,24
LF:143
LH:142
BRDA:6,0,0,24
BRDA:94,1,0,4
BRDA:94,2,0,20
BRDA:97,3,0,4
BRDA:118,4,0,21
BRDA:122,5,0,3
BRDA:126,6,0,21
BRDA:16,7,0,7
BRDA:18,8,0,0
BRDA:22,9,0,1
BRDA:25,10,0,0
BRDA:62,11,0,6
BRDA:62,12,0,6
BRDA:91,13,0,1
BRDA:91,14,0,1
BRDA:107,15,0,1
BRDA:107,16,0,1
BRF:17
BRH:15
end_of_record
TN:
SF:src/components/auth/PartnerManager.tsx
FN:6,PartnerManager
FN:14,handleCopyInviteCode
FN:26,handleLinkPartner
FN:47,handleUnlinkPartner
FN:176,onClick
FN:193,onChange
FN:234,onClick
FNF:7
FNH:2
FNDA:76,PartnerManager
FNDA:0,handleCopyInviteCode
FNDA:0,handleLinkPartner
FNDA:0,handleUnlinkPartner
FNDA:1,onClick
FNDA:0,onChange
FNDA:0,onClick
DA:1,1
DA:6,1
DA:8,76
DA:9,76
DA:10,76
DA:11,76
DA:12,76
DA:14,76
DA:15,0
DA:17,0
DA:18,0
DA:19,0
DA:20,0
DA:21,0
DA:22,0
DA:23,0
DA:24,0
DA:26,76
DA:27,0
DA:28,0
DA:30,0
DA:31,0
DA:32,0
DA:33,0
DA:34,0
DA:35,0
DA:36,0
DA:37,0
DA:38,0
DA:39,0
DA:40,0
DA:41,0
DA:42,0
DA:43,0
DA:44,0
DA:45,0
DA:47,76
DA:48,0
DA:49,0
DA:50,0
DA:51,0
DA:53,76
DA:54,76
DA:55,76
DA:56,76
DA:57,76
DA:58,76
DA:59,76
DA:60,76
DA:61,76
DA:63,76
DA:64,76
DA:65,76
DA:67,76
DA:69,0
DA:70,0
DA:71,0
DA:72,0
DA:73,0
DA:74,0
DA:75,0
DA:76,0
DA:77,0
DA:78,0
DA:79,0
DA:80,0
DA:82,0
DA:83,0
DA:84,0
DA:85,0
DA:86,0
DA:87,0
DA:88,0
DA:90,0
DA:91,0
DA:92,0
DA:93,0
DA:96,0
DA:97,0
DA:98,0
DA:99,0
DA:101,0
DA:102,0
DA:103,0
DA:104,0
DA:105,0
DA:106,0
DA:107,0
DA:108,0
DA:109,0
DA:110,0
DA:111,0
DA:112,0
DA:114,0
DA:115,0
DA:116,0
DA:117,0
DA:118,0
DA:120,0
DA:121,0
DA:122,0
DA:123,0
DA:125,0
DA:126,0
DA:127,0
DA:129,0
DA:130,0
DA:131,0
DA:134,76
DA:136,76
DA:137,76
DA:138,76
DA:139,76
DA:140,76
DA:141,76
DA:142,76
DA:143,76
DA:144,76
DA:145,76
DA:146,0
DA:147,76
DA:148,76
DA:150,76
DA:151,0
DA:152,0
DA:153,0
DA:154,0
DA:156,76
DA:157,76
DA:158,76
DA:159,76
DA:161,76
DA:162,76
DA:163,76
DA:164,76
DA:165,76
DA:166,76
DA:168,76
DA:169,76
DA:172,76
DA:173,76
DA:174,76
DA:175,76
DA:176,76
DA:177,76
DA:179,76
DA:180,76
DA:181,76
DA:182,76
DA:184,76
DA:185,1
DA:186,1
DA:187,1
DA:188,1
DA:189,1
DA:190,1
DA:191,1
DA:192,1
DA:193,1
DA:194,1
DA:195,1
DA:196,1
DA:197,1
DA:198,1
DA:200,1
DA:201,0
DA:203,1
DA:205,1
DA:206,1
DA:207,1
DA:209,1
DA:210,1
DA:212,76
DA:213,76
DA:217,76
DA:218,76
DA:219,76
DA:221,76
DA:222,76
DA:224,76
DA:225,76
DA:226,76
DA:227,76
DA:228,76
DA:229,76
DA:230,76
DA:231,76
DA:232,608
DA:233,608
DA:234,608
DA:235,608
DA:236,608
DA:237,608
DA:238,608
DA:239,608
DA:240,608
DA:241,76
DA:242,76
DA:243,76
DA:244,76
DA:247,76
DA:248,0
DA:249,0
DA:251,0
DA:252,0
DA:253,0
DA:254,0
DA:255,0
DA:256,0
DA:257,0
DA:258,0
DA:259,0
DA:260,0
DA:261,0
DA:265,76
DA:266,0
DA:267,0
DA:269,0
DA:270,0
DA:271,0
DA:272,0
DA:273,0
DA:274,0
DA:275,0
DA:276,0
DA:278,0
DA:279,0
DA:281,76
DA:282,76
DA:283,76
DA:285,76
LF:231
LH:115
BRDA:6,0,0,76
BRDA:67,1,0,0
BRDA:145,2,0,0
BRDA:150,3,0,0
BRDA:164,4,0,28
BRDA:180,5,0,1
BRDA:180,6,0,75
BRDA:184,7,0,1
BRDA:200,8,0,0
BRDA:228,9,0,28
BRDA:228,10,0,48
BRDA:247,11,0,0
BRDA:265,12,0,0
BRDA:176,13,0,1
BRDA:231,14,0,608
BRDA:236,15,0,224
BRDA:236,16,0,16
BRDA:236,17,0,592
BRF:18
BRH:12
end_of_record
TN:
SF:src/components/auth/__tests__/LoginPage.test.tsx
FN:9,getStoredUser
FN:10,getStoredPartner
FNF:2
FNH:2
FNDA:3,getStoredUser
FNDA:1,getStoredPartner
DA:1,1
DA:2,1
DA:3,1
DA:4,1
DA:5,1
DA:9,1
DA:10,1
DA:12,1
DA:13,1
DA:14,3
DA:15,1
DA:17,1
DA:18,1
DA:19,1
DA:20,1
DA:21,1
DA:23,1
DA:24,1
DA:25,1
DA:26,1
DA:27,1
DA:28,1
DA:29,1
DA:30,1
DA:31,1
DA:32,1
DA:34,1
DA:35,1
DA:36,1
DA:37,1
DA:38,1
DA:41,1
DA:42,1
DA:43,1
DA:44,1
DA:47,1
DA:48,1
DA:49,1
DA:51,1
DA:52,1
DA:53,1
DA:54,1
DA:55,1
DA:56,1
DA:57,1
DA:58,1
DA:59,1
LF:47
LH:47
BRDA:9,0,0,3
BRDA:9,1,0,0
BRDA:10,2,0,1
BRDA:10,3,0,0
BRDA:12,4,0,1
BRDA:13,5,0,3
BRDA:17,6,0,1
BRDA:23,7,0,1
BRDA:28,8,0,1
BRDA:34,9,0,1
BRDA:38,10,0,1
BRDA:41,11,0,1
BRDA:49,12,0,1
BRDA:51,13,0,1
BRF:14
BRH:12
end_of_record
TN:
SF:src/components/auth/__tests__/PartnerManager.test.tsx
FNF:0
FNH:0
DA:1,1
DA:2,1
DA:3,1
DA:4,1
DA:5,1
DA:9,1
DA:10,1
DA:11,1
DA:12,1
DA:14,1
DA:15,1
DA:16,1
DA:17,1
DA:18,1
DA:19,1
DA:20,1
DA:21,1
LF:17
LH:17
BRDA:9,0,0,1
BRDA:10,1,0,1
BRDA:14,2,0,1
BRF:3
BRH:3
end_of_record
TN:
SF:src/components/calendar/WeeklyCalendar.tsx
FN:26,WeeklyCalendar
FN:44,handleDragEnd
FN:58,navigateWeek
FN:64,goToToday
FN:85,onClick
FN:97,onClick
FN:167,DayColumn
FN:211,DraggableTask
FNF:8
FNH:2
FNDA:6,WeeklyCalendar
FNDA:0,handleDragEnd
FNDA:0,navigateWeek
FNDA:0,goToToday
FNDA:0,onClick
FNDA:0,onClick
FNDA:42,DayColumn
FNDA:0,DraggableTask
DA:1,1
DA:26,1
DA:27,6
DA:28,6
DA:30,6
DA:31,6
DA:33,6
DA:34,6
DA:35,6
DA:36,6
DA:37,6
DA:38,6
DA:39,6
DA:40,6
DA:41,6
DA:42,6
DA:44,6
DA:45,0
DA:47,0
DA:49,0
DA:50,0
DA:52,0
DA:53,0
DA:54,0
DA:55,0
DA:56,0
DA:58,6
DA:59,0
DA:60,0
DA:61,0
DA:62,0
DA:64,6
DA:65,0
DA:66,0
DA:68,6
DA:69,6
DA:71,6
DA:72,6
DA:73,6
DA:74,6
DA:75,6
DA:76,6
DA:77,6
DA:78,6
DA:79,6
DA:80,6
DA:83,6
DA:84,6
DA:85,6
DA:86,6
DA:88,6
DA:89,6
DA:91,6
DA:92,6
DA:93,6
DA:94,6
DA:96,6
DA:97,6
DA:98,6
DA:100,6
DA:101,6
DA:102,6
DA:103,6
DA:106,6
DA:107,6
DA:108,6
DA:109,6
DA:110,6
DA:111,6
DA:112,6
DA:113,6
DA:116,6
DA:117,6
DA:118,6
DA:119,6
DA:121,6
DA:122,6
DA:123,42
DA:124,42
DA:125,42
DA:126,42
DA:128,42
DA:129,42
DA:130,42
DA:131,42
DA:132,42
DA:133,42
DA:134,42
DA:135,42
DA:136,42
DA:137,42
DA:139,6
DA:140,6
DA:141,6
DA:144,6
DA:145,6
DA:146,6
DA:147,6
DA:148,6
DA:149,6
DA:150,6
DA:151,6
DA:152,6
DA:153,6
DA:155,6
DA:167,1
DA:168,42
DA:170,42
DA:171,42
DA:172,42
DA:173,42
DA:174,42
DA:175,42
DA:176,42
DA:177,42
DA:178,42
DA:179,42
DA:181,0
DA:182,0
DA:184,0
DA:186,0
DA:187,0
DA:188,0
DA:189,0
DA:190,0
DA:191,0
DA:192,42
DA:193,42
DA:194,0
DA:195,42
DA:196,42
DA:197,42
DA:198,42
DA:199,42
DA:201,42
DA:202,42
DA:204,42
DA:211,1
DA:212,0
DA:213,0
DA:214,0
DA:215,0
DA:216,0
DA:217,0
DA:218,0
DA:219,0
DA:221,0
DA:222,0
DA:223,0
DA:224,0
DA:226,0
DA:227,0
DA:228,0
DA:229,0
DA:230,0
DA:231,0
DA:232,0
DA:233,0
DA:235,0
DA:236,0
DA:238,0
LF:161
LH:113
BRDA:26,0,0,6
BRDA:122,1,0,42
BRDA:126,2,0,30
BRDA:167,3,0,42
BRDA:171,4,0,6
BRDA:171,5,0,36
BRDA:171,6,0,24
BRDA:171,7,0,18
BRDA:171,8,0,0
BRDA:198,9,0,6
BRDA:198,10,0,36
BRF:11
BRH:10
end_of_record
TN:
SF:src/components/calendar/__tests__/WeeklyCalendar.test.tsx
FN:10,Seed
FNF:1
FNH:1
FNDA:2,Seed
DA:1,1
DA:2,1
DA:3,1
DA:4,1
DA:5,1
DA:6,1
DA:10,1
DA:11,2
DA:12,2
DA:13,2
DA:14,2
DA:15,2
DA:16,2
DA:18,1
DA:19,1
DA:20,1
DA:21,1
DA:23,1
DA:24,1
DA:26,1
DA:27,1
DA:28,1
DA:29,1
LF:23
LH:23
BRDA:10,0,0,2
BRDA:12,1,0,2
BRDA:18,2,0,1
BRDA:19,3,0,1
BRDA:23,4,0,1
BRF:5
BRH:5
end_of_record
TN:
SF:src/components/tasks/AIImport.tsx
FN:6,AIImport
FN:13,handleImport
FN:53,onClick
FN:78,onClick
FN:126,onChange
FN:164,onClick
FNF:6
FNH:4
FNDA:9,AIImport
FNDA:1,handleImport
FNDA:1,onClick
FNDA:0,onClick
FNDA:1,onChange
FNDA:0,onClick
DA:1,1
DA:6,1
DA:7,9
DA:8,9
DA:9,9
DA:10,9
DA:11,9
DA:13,9
DA:14,1
DA:16,1
DA:17,1
DA:18,1
DA:19,1
DA:20,1
DA:23,1
DA:24,0
DA:25,0
DA:26,1
DA:27,1
DA:28,0
DA:29,1
DA:30,1
DA:31,1
DA:32,1
DA:34,9
DA:50,9
DA:51,6
DA:52,6
DA:53,6
DA:54,6
DA:56,6
DA:57,6
DA:58,6
DA:59,6
DA:60,6
DA:61,6
DA:63,6
DA:65,3
DA:66,3
DA:67,3
DA:68,3
DA:69,3
DA:70,3
DA:71,3
DA:72,3
DA:73,3
DA:74,3
DA:75,3
DA:76,3
DA:77,3
DA:78,3
DA:79,3
DA:80,3
DA:81,3
DA:83,3
DA:84,3
DA:86,3
DA:87,1
DA:88,1
DA:89,1
DA:90,1
DA:91,1
DA:92,1
DA:93,1
DA:94,1
DA:97,9
DA:99,9
DA:100,9
DA:101,9
DA:102,9
DA:103,9
DA:104,9
DA:105,9
DA:106,9
DA:107,9
DA:108,9
DA:109,9
DA:110,9
DA:111,9
DA:112,9
DA:113,9
DA:116,9
DA:117,9
DA:119,9
DA:120,9
DA:121,9
DA:122,9
DA:123,9
DA:124,9
DA:125,9
DA:126,9
DA:127,9
DA:128,9
DA:130,9
DA:131,9
DA:134,9
DA:135,9
DA:136,9
DA:137,9
DA:138,9
DA:139,9
DA:140,9
DA:141,9
DA:144,9
DA:145,9
DA:146,9
DA:147,9
DA:148,9
DA:150,9
DA:151,0
DA:152,0
DA:153,0
DA:154,0
DA:156,3
DA:157,3
DA:158,3
DA:159,3
DA:161,9
DA:162,9
DA:163,9
DA:164,9
DA:165,9
DA:166,9
DA:168,9
DA:169,9
DA:170,9
DA:171,9
DA:173,9
LF:128
LH:121
BRDA:6,0,0,9
BRDA:50,1,0,6
BRDA:63,2,0,5
BRDA:63,3,0,3
BRDA:86,4,0,1
BRDA:147,5,0,3
BRDA:150,6,0,0
BRDA:154,7,0,3
BRDA:13,8,0,1
BRDA:14,9,0,0
BRDA:27,10,0,0
BRDA:53,11,0,1
BRDA:126,12,0,1
BRF:13
BRH:10
end_of_record
TN:
SF:src/components/tasks/ExportTasks.tsx
FN:10,isDeleted
FN:12,normalizeDate
FN:17,formatLongDate
FN:27,getTaskDateKey
FN:32,byDateAscending
FN:33,byPriorityOrder
FN:42,buildEmailBody
FN:70,buildPrintHTML
FN:95,escapeHtml
FN:100,ExportTasks
FN:104,onCopyEmail
FN:115,onEmailDraft
FN:122,onPrint
FNF:13
FNH:12
FNDA:9,isDeleted
FNDA:9,normalizeDate
FNDA:6,formatLongDate
FNDA:9,getTaskDateKey
FNDA:3,byDateAscending
FNDA:3,byPriorityOrder
FNDA:3,buildEmailBody
FNDA:1,buildPrintHTML
FNDA:1,escapeHtml
FNDA:75,ExportTasks
FNDA:1,onCopyEmail
FNDA:0,onEmailDraft
FNDA:1,onPrint
DA:1,1
DA:10,1
DA:12,1
DA:13,9
DA:14,9
DA:15,9
DA:17,1
DA:18,6
DA:19,6
DA:20,6
DA:21,6
DA:22,6
DA:23,6
DA:24,6
DA:25,6
DA:27,1
DA:28,9
DA:29,3
DA:30,3
DA:32,1
DA:33,1
DA:34,3
DA:35,3
DA:36,3
DA:38,3
DA:39,0
DA:40,0
DA:42,1
DA:43,3
DA:44,3
DA:45,3
DA:46,9
DA:47,9
DA:48,9
DA:49,9
DA:51,3
DA:52,3
DA:53,3
DA:54,6
DA:55,6
DA:56,6
DA:57,9
DA:58,9
DA:59,9
DA:60,9
DA:61,9
DA:62,6
DA:63,6
DA:64,3
DA:65,0
DA:66,0
DA:67,3
DA:68,3
DA:70,1
DA:71,1
DA:73,1
DA:90,1
DA:93,1
DA:95,1
DA:96,1
DA:97,1
DA:98,1
DA:100,1
DA:101,75
DA:102,75
DA:104,75
DA:105,1
DA:106,1
DA:107,1
DA:108,1
DA:109,1
DA:110,0
DA:111,0
DA:112,0
DA:113,1
DA:115,75
DA:116,0
DA:117,0
DA:118,0
DA:119,0
DA:120,0
DA:122,75
DA:123,1
DA:124,1
DA:125,1
DA:126,1
DA:127,1
DA:128,1
DA:130,1
DA:131,0
DA:132,0
DA:133,1
DA:134,1
DA:136,75
DA:137,75
DA:138,75
DA:139,75
DA:140,75
DA:141,75
DA:142,75
DA:143,75
DA:144,75
DA:145,75
DA:146,75
DA:147,75
DA:148,75
DA:150,75
DA:152,1
LF:108
LH:94
BRDA:10,0,0,9
BRDA:12,1,0,9
BRDA:17,2,0,6
BRDA:27,3,0,9
BRDA:28,4,0,6
BRDA:28,5,0,3
BRDA:32,6,0,3
BRDA:33,7,0,3
BRDA:35,8,0,0
BRDA:35,9,0,0
BRDA:36,10,0,0
BRDA:38,11,0,0
BRDA:38,12,0,0
BRDA:42,13,0,3
BRDA:45,14,0,9
BRDA:47,15,0,6
BRDA:53,16,0,6
BRDA:56,17,0,9
BRDA:57,18,0,0
BRDA:58,19,0,3
BRDA:58,20,0,6
BRDA:59,21,0,0
BRDA:59,22,0,0
BRDA:64,23,0,0
BRDA:43,24,0,9
BRDA:43,25,0,0
BRDA:70,26,0,1
BRDA:95,27,0,1
BRDA:100,28,0,75
BRDA:104,29,0,1
BRDA:109,30,0,0
BRDA:122,31,0,1
BRDA:125,32,0,0
BRF:33
BRH:21
end_of_record
TN:
SF:src/components/tasks/TaskForm.tsx
FN:8,TaskForm
FN:59,handleSubmit
FN:91,getTaskColor
FN:106,onClick
FN:128,onClick
FN:143,onChange
FN:157,onChange
FN:178,onClick
FN:213,onChange
FN:237,onClick
FN:259,onChange
FN:278,onChange
FN:293,onClick
FN:314,onChange
FN:327,onClick
FNF:15
FNH:5
FNDA:15,TaskForm
FNDA:1,handleSubmit
FNDA:1,getTaskColor
FNDA:3,onClick
FNDA:0,onClick
FNDA:1,onChange
FNDA:0,onChange
FNDA:0,onClick
FNDA:0,onChange
FNDA:0,onClick
FNDA:0,onChange
FNDA:0,onChange
FNDA:0,onClick
FNDA:0,onChange
FNDA:0,onClick
DA:1,1
DA:8,1
DA:9,15
DA:10,15
DA:11,15
DA:12,15
DA:13,15
DA:14,15
DA:15,15
DA:16,15
DA:17,15
DA:18,15
DA:19,15
DA:20,15
DA:21,15
DA:22,15
DA:24,15
DA:25,15
DA:26,15
DA:27,15
DA:28,15
DA:29,15
DA:30,15
DA:31,15
DA:32,15
DA:33,15
DA:34,15
DA:35,15
DA:37,15
DA:38,15
DA:39,15
DA:40,15
DA:41,15
DA:43,15
DA:44,15
DA:45,15
DA:46,15
DA:47,15
DA:48,15
DA:49,15
DA:50,15
DA:51,15
DA:52,15
DA:54,15
DA:55,15
DA:56,15
DA:57,15
DA:59,15
DA:60,1
DA:61,1
DA:63,1
DA:64,1
DA:65,1
DA:66,1
DA:67,1
DA:68,1
DA:69,1
DA:70,1
DA:71,1
DA:72,1
DA:73,1
DA:76,1
DA:77,1
DA:78,1
DA:79,1
DA:80,1
DA:81,1
DA:82,1
DA:83,1
DA:84,1
DA:85,1
DA:86,1
DA:87,1
DA:88,1
DA:91,15
DA:92,1
DA:93,1
DA:94,1
DA:95,1
DA:96,0
DA:97,1
DA:98,0
DA:99,1
DA:100,0
DA:101,1
DA:102,1
DA:104,15
DA:105,11
DA:106,11
DA:107,11
DA:108,11
DA:109,11
DA:110,11
DA:111,11
DA:112,11
DA:114,11
DA:116,4
DA:117,4
DA:118,4
DA:119,4
DA:120,4
DA:121,4
DA:122,4
DA:123,4
DA:124,4
DA:125,4
DA:126,4
DA:127,4
DA:128,4
DA:129,4
DA:131,4
DA:133,4
DA:134,4
DA:135,4
DA:136,4
DA:137,4
DA:138,4
DA:139,4
DA:140,4
DA:141,4
DA:142,4
DA:143,4
DA:144,4
DA:145,4
DA:148,4
DA:149,4
DA:150,4
DA:151,4
DA:152,4
DA:153,4
DA:154,4
DA:155,4
DA:156,4
DA:157,4
DA:158,4
DA:159,4
DA:162,4
DA:163,4
DA:164,4
DA:165,4
DA:166,40
DA:167,40
DA:168,40
DA:169,40
DA:170,40
DA:171,40
DA:172,40
DA:173,40
DA:174,40
DA:175,40
DA:176,40
DA:177,40
DA:178,40
DA:179,40
DA:180,40
DA:181,4
DA:182,36
DA:183,40
DA:185,40
DA:186,40
DA:187,40
DA:189,4
DA:190,4
DA:191,4
DA:194,4
DA:195,4
DA:197,4
DA:198,4
DA:199,4
DA:200,12
DA:201,12
DA:202,12
DA:203,12
DA:204,4
DA:205,8
DA:206,12
DA:208,12
DA:209,12
DA:210,12
DA:211,12
DA:212,12
DA:213,12
DA:214,12
DA:215,12
DA:216,12
DA:217,12
DA:218,12
DA:219,12
DA:220,12
DA:221,12
DA:222,4
DA:223,4
DA:224,4
DA:227,4
DA:228,4
DA:229,4
DA:231,4
DA:232,4
DA:233,4
DA:234,40
DA:235,40
DA:236,40
DA:237,40
DA:238,40
DA:239,40
DA:240,40
DA:241,40
DA:242,40
DA:243,40
DA:244,4
DA:245,4
DA:246,4
DA:250,15
DA:251,15
DA:252,15
DA:254,15
DA:255,15
DA:256,15
DA:257,15
DA:258,15
DA:259,15
DA:261,15
DA:262,32
DA:263,32
DA:264,32
DA:265,15
DA:266,15
DA:267,15
DA:269,15
DA:270,15
DA:272,15
DA:273,15
DA:274,15
DA:275,15
DA:276,15
DA:277,15
DA:278,15
DA:279,15
DA:280,15
DA:281,15
DA:284,15
DA:285,15
DA:287,15
DA:288,15
DA:289,15
DA:290,40
DA:291,40
DA:292,40
DA:293,40
DA:294,40
DA:295,40
DA:296,40
DA:297,40
DA:298,40
DA:299,40
DA:300,15
DA:301,15
DA:302,15
DA:305,15
DA:306,15
DA:308,15
DA:309,15
DA:310,15
DA:311,15
DA:312,15
DA:313,15
DA:314,15
DA:315,15
DA:316,15
DA:318,15
DA:319,15
DA:322,15
DA:323,15
DA:324,15
DA:325,15
DA:326,15
DA:327,15
DA:328,15
DA:329,15
DA:330,15
DA:332,15
LF:281
LH:278
BRDA:8,0,0,15
BRDA:104,1,0,11
BRDA:114,2,0,4
BRDA:59,3,0,1
BRDA:61,4,0,0
BRDA:91,5,0,1
BRDA:94,6,0,0
BRDA:95,7,0,0
BRDA:97,8,0,0
BRDA:99,9,0,0
BRDA:106,10,0,3
BRDA:143,11,0,1
BRDA:143,12,0,1
BRDA:165,13,0,40
BRDA:180,14,0,4
BRDA:181,15,0,36
BRDA:186,16,0,4
BRDA:186,17,0,36
BRDA:199,18,0,12
BRDA:203,19,0,4
BRDA:204,20,0,8
BRDA:217,21,0,4
BRDA:217,22,0,8
BRDA:233,23,0,40
BRDA:239,24,0,4
BRDA:239,25,0,36
BRDA:261,26,0,32
BRDA:289,27,0,40
BRDA:295,28,0,4
BRDA:295,29,0,36
BRF:30
BRH:25
end_of_record
TN:
SF:src/components/tasks/TaskItem.tsx
FN:18,TaskItem
FN:34,getAssignmentInfo
FN:64,handleSaveEdit
FN:77,handleCancelEdit
FN:87,handleDelete
FN:93,handleToggleShare
FN:112,onChange
FN:119,onChange
FN:130,onClick
FN:166,onClick
FN:170,onClick
FN:227,onClick
FN:250,onClick
FNF:13
FNH:8
FNDA:20,TaskItem
FNDA:20,getAssignmentInfo
FNDA:1,handleSaveEdit
FNDA:1,handleCancelEdit
FNDA:0,handleDelete
FNDA:0,handleToggleShare
FNDA:2,onChange
FNDA:0,onChange
FNDA:0,onClick
FNDA:4,onClick
FNDA:2,onClick
FNDA:0,onClick
FNDA:2,onClick
DA:1,1
DA:18,1
DA:19,20
DA:20,20
DA:21,20
DA:22,20
DA:23,20
DA:24,20
DA:25,20
DA:26,20
DA:27,20
DA:29,20
DA:30,20
DA:31,20
DA:34,20
DA:35,20
DA:36,20
DA:37,20
DA:38,20
DA:39,0
DA:40,20
DA:41,0
DA:42,20
DA:43,0
DA:44,20
DA:45,20
DA:47,20
DA:49,20
DA:50,20
DA:51,20
DA:52,20
DA:53,20
DA:54,20
DA:55,20
DA:56,20
DA:57,20
DA:58,20
DA:59,20
DA:60,20
DA:62,20
DA:64,20
DA:65,1
DA:67,1
DA:68,1
DA:69,1
DA:70,1
DA:71,1
DA:72,1
DA:74,1
DA:75,1
DA:77,20
DA:78,1
DA:79,1
DA:80,1
DA:81,1
DA:82,1
DA:83,1
DA:84,1
DA:85,1
DA:87,20
DA:88,0
DA:89,0
DA:90,0
DA:91,0
DA:93,20
DA:94,0
DA:96,0
DA:98,0
DA:99,0
DA:100,0
DA:101,0
DA:102,0
DA:103,0
DA:105,20
DA:106,4
DA:107,4
DA:108,4
DA:109,4
DA:110,4
DA:111,4
DA:112,4
DA:113,4
DA:114,4
DA:115,4
DA:117,4
DA:118,4
DA:119,4
DA:120,4
DA:121,4
DA:122,4
DA:123,4
DA:125,4
DA:126,4
DA:127,4
DA:128,40
DA:129,40
DA:130,40
DA:131,40
DA:132,40
DA:133,4
DA:134,36
DA:135,40
DA:137,40
DA:138,40
DA:139,4
DA:140,4
DA:142,4
DA:143,4
DA:144,4
DA:145,4
DA:146,4
DA:148,4
DA:149,4
DA:150,4
DA:151,4
DA:152,4
DA:154,4
DA:155,4
DA:156,4
DA:157,4
DA:158,4
DA:160,4
DA:162,16
DA:163,16
DA:164,20
DA:165,20
DA:166,20
DA:168,20
DA:169,20
DA:170,20
DA:171,20
DA:172,20
DA:173,20
DA:174,2
DA:175,14
DA:176,20
DA:178,20
DA:179,20
DA:181,20
DA:182,20
DA:183,20
DA:184,20
DA:185,20
DA:186,20
DA:187,20
DA:188,0
DA:189,0
DA:190,0
DA:192,20
DA:194,20
DA:195,20
DA:196,20
DA:197,20
DA:199,20
DA:200,16
DA:201,16
DA:202,16
DA:203,16
DA:204,16
DA:205,16
DA:206,16
DA:207,0
DA:208,0
DA:209,0
DA:210,0
DA:212,16
DA:213,8
DA:214,8
DA:215,8
DA:216,8
DA:217,8
DA:218,0
DA:220,8
DA:221,8
DA:223,16
DA:224,16
DA:225,16
DA:226,14
DA:227,14
DA:228,14
DA:229,14
DA:231,14
DA:232,14
DA:234,16
DA:235,8
DA:236,8
DA:237,8
DA:238,8
DA:239,0
DA:240,8
DA:241,8
DA:242,8
DA:244,8
DA:245,8
DA:247,16
DA:248,16
DA:249,16
DA:250,16
DA:251,16
DA:252,16
DA:254,16
DA:255,16
DA:256,16
DA:257,16
DA:258,16
DA:259,16
DA:261,16
DA:262,16
DA:263,16
DA:265,16
DA:266,16
DA:268,20
DA:269,20
DA:271,20
DA:272,4
DA:273,4
DA:274,4
DA:275,4
DA:276,4
DA:278,20
DA:280,20
LF:221
LH:197
BRDA:18,0,0,20
BRDA:31,1,0,12
BRDA:62,2,0,0
BRDA:105,3,0,4
BRDA:107,4,0,0
BRDA:160,5,0,16
BRDA:164,6,0,0
BRDA:164,7,0,16
BRDA:164,8,0,0
BRDA:164,9,0,16
BRDA:164,10,0,2
BRDA:164,11,0,14
BRDA:164,12,0,0
BRDA:164,13,0,16
BRDA:171,14,0,2
BRDA:171,15,0,14
BRDA:173,16,0,2
BRDA:174,17,0,14
BRDA:178,18,0,2
BRDA:182,19,0,0
BRDA:182,20,0,16
BRDA:184,21,0,2
BRDA:184,22,0,14
BRDA:187,23,0,16
BRDA:187,24,0,0
BRDA:199,25,0,0
BRDA:199,26,0,16
BRDA:206,27,0,0
BRDA:212,28,0,8
BRDA:217,29,0,0
BRDA:224,30,0,8
BRDA:224,31,0,8
BRDA:225,32,0,14
BRDA:234,33,0,8
BRDA:238,34,0,0
BRDA:242,35,0,0
BRDA:271,36,0,16
BRDA:271,37,0,4
BRDA:271,38,0,4
BRDA:274,39,0,2
BRDA:274,40,0,2
BRDA:34,41,0,20
BRDA:37,42,0,0
BRDA:38,43,0,0
BRDA:40,44,0,0
BRDA:42,45,0,0
BRDA:64,46,0,1
BRDA:65,47,0,0
BRDA:77,48,0,1
BRDA:112,49,0,2
BRDA:112,50,0,2
BRDA:127,51,0,40
BRDA:132,52,0,4
BRDA:133,53,0,36
BRDA:166,54,0,4
BRDA:166,55,0,0
BRDA:170,56,0,2
BRDA:250,57,0,2
BRF:58
BRH:40
end_of_record
TN:
SF:src/components/tasks/TodaysTasks.tsx
FN:18,TodaysTasks
FN:42,handleTaskClick
FN:58,getJarvisEncouragement
FN:237,SortableTaskRow
FNF:4
FNH:3
FNDA:10,TodaysTasks
FNDA:0,handleTaskClick
FNDA:10,getJarvisEncouragement
FNDA:4,SortableTaskRow
DA:1,1
DA:18,1
DA:19,10
DA:20,10
DA:22,10
DA:23,10
DA:24,10
DA:25,10
DA:26,0
DA:27,0
DA:28,0
DA:29,0
DA:30,0
DA:31,0
DA:32,10
DA:33,10
DA:34,10
DA:35,10
DA:37,10
DA:38,2
DA:39,8
DA:42,10
DA:44,0
DA:45,0
DA:46,0
DA:47,0
DA:48,0
DA:49,0
DA:51,0
DA:52,0
DA:53,0
DA:54,0
DA:55,0
DA:56,0
DA:58,10
DA:59,10
DA:60,8
DA:61,8
DA:63,6
DA:64,0
DA:65,0
DA:67,6
DA:68,0
DA:69,0
DA:71,6
DA:72,0
DA:73,0
DA:75,2
DA:76,2
DA:77,2
DA:79,0
DA:80,10
DA:83,10
DA:84,10
DA:85,10
DA:87,10
DA:88,0
DA:89,0
DA:90,0
DA:91,0
DA:92,0
DA:93,0
DA:94,0
DA:95,0
DA:96,0
DA:97,0
DA:98,10
DA:100,10
DA:101,10
DA:103,10
DA:104,10
DA:105,10
DA:106,10
DA:107,10
DA:108,10
DA:109,10
DA:110,10
DA:111,10
DA:112,10
DA:113,10
DA:114,10
DA:115,10
DA:116,10
DA:117,10
DA:118,10
DA:119,10
DA:122,10
DA:123,2
DA:124,2
DA:125,2
DA:126,2
DA:127,2
DA:128,2
DA:129,2
DA:130,2
DA:131,2
DA:132,2
DA:133,2
DA:135,10
DA:138,10
DA:139,10
DA:140,10
DA:141,10
DA:142,10
DA:145,10
DA:146,2
DA:147,2
DA:148,2
DA:149,2
DA:150,2
DA:151,2
DA:152,2
DA:153,2
DA:154,2
DA:155,2
DA:156,2
DA:160,10
DA:161,2
DA:162,2
DA:163,2
DA:164,2
DA:165,2
DA:166,2
DA:167,2
DA:168,2
DA:169,2
DA:170,2
DA:171,2
DA:172,2
DA:173,2
DA:174,4
DA:175,2
DA:176,2
DA:177,2
DA:178,2
DA:179,2
DA:183,10
DA:184,2
DA:185,2
DA:186,2
DA:187,2
DA:188,2
DA:189,2
DA:190,2
DA:191,2
DA:192,2
DA:193,2
DA:194,3
DA:195,2
DA:196,2
DA:197,2
DA:201,10
DA:202,1
DA:203,1
DA:204,1
DA:205,1
DA:206,1
DA:207,1
DA:208,1
DA:209,1
DA:210,1
DA:211,1
DA:212,1
DA:213,1
DA:214,1
DA:215,1
DA:219,10
DA:220,8
DA:221,8
DA:222,8
DA:223,8
DA:224,8
DA:226,10
DA:228,10
DA:237,1
DA:238,4
DA:239,4
DA:240,4
DA:241,4
DA:242,4
DA:243,4
DA:244,4
DA:245,4
DA:246,4
DA:248,4
LF:185
LH:150
BRDA:18,0,0,10
BRDA:37,1,0,2
BRDA:38,2,0,8
BRDA:122,3,0,2
BRDA:125,4,0,0
BRDA:126,5,0,0
BRDA:145,6,0,2
BRDA:150,7,0,0
BRDA:151,8,0,0
BRDA:160,9,0,2
BRDA:183,10,0,2
BRDA:201,11,0,1
BRDA:219,12,0,8
BRDA:23,13,0,8
BRDA:33,14,0,8
BRDA:34,15,0,7
BRDA:35,16,0,7
BRDA:58,17,0,10
BRDA:59,18,0,8
BRDA:61,19,0,6
BRDA:61,20,0,2
BRDA:63,21,0,0
BRDA:65,22,0,2
BRDA:67,23,0,0
BRDA:69,24,0,2
BRDA:71,25,0,0
BRDA:73,26,0,2
BRDA:77,27,0,0
BRDA:171,28,0,4
BRDA:173,29,0,4
BRDA:193,30,0,3
BRDA:211,31,0,1
BRDA:237,32,0,4
BRF:33
BRH:25
end_of_record
TN:
SF:src/components/tasks/__tests__/AIImport.test.tsx
FN:13,LoggedInProviders
FN:23,EnsureLogin
FN:38,Capture
FN:43,Wrapper
FNF:4
FNH:4
FNDA:1,LoggedInProviders
FNDA:2,EnsureLogin
FNDA:3,Capture
FNDA:1,Wrapper
DA:1,1
DA:2,1
DA:3,1
DA:4,1
DA:5,1
DA:6,1
DA:7,1
DA:8,1
DA:13,1
DA:14,1
DA:15,1
DA:16,1
DA:17,1
DA:18,1
DA:19,1
DA:21,1
DA:23,1
DA:24,2
DA:25,2
DA:26,2
DA:27,2
DA:28,2
DA:29,1
DA:30,1
DA:32,1
DA:33,1
DA:34,1
DA:35,1
DA:37,1
DA:38,1
DA:39,3
DA:40,3
DA:41,3
DA:43,1
DA:44,1
DA:45,1
DA:46,1
DA:47,1
DA:49,1
DA:52,1
DA:54,1
DA:55,1
DA:56,1
DA:57,1
DA:58,1
DA:59,1
DA:60,1
DA:61,1
DA:62,1
DA:63,1
DA:64,1
LF:51
LH:51
BRDA:13,0,0,1
BRDA:23,1,0,2
BRDA:28,2,0,1
BRDA:25,3,0,2
BRDA:26,4,0,1
BRDA:32,5,0,1
BRDA:33,6,0,1
BRDA:37,7,0,1
BRDA:38,8,0,3
BRDA:43,9,0,1
BRDA:60,10,0,1
BRF:11
BRH:11
end_of_record
TN:
SF:src/components/tasks/__tests__/ExportTasks.test.tsx
FN:19,mkTask
FN:39,renderExport
FNF:2
FNH:2
FNDA:3,mkTask
FNDA:1,renderExport
DA:1,1
DA:2,1
DA:3,1
DA:4,1
DA:5,1
DA:6,1
DA:7,1
DA:10,1
DA:11,1
DA:12,1
DA:13,1
DA:14,1
DA:15,1
DA:16,1
DA:17,1
DA:19,1
DA:20,3
DA:21,3
DA:22,3
DA:23,3
DA:24,3
DA:25,3
DA:26,3
DA:27,3
DA:28,3
DA:29,3
DA:30,3
DA:31,3
DA:33,1
DA:34,1
DA:35,1
DA:36,1
DA:37,1
DA:39,1
DA:40,1
DA:41,1
DA:42,1
DA:43,1
DA:44,1
DA:45,1
DA:46,1
DA:49,1
DA:50,1
DA:51,1
DA:52,1
DA:53,1
DA:54,1
DA:55,1
DA:57,1
DA:58,1
DA:61,1
DA:63,1
DA:66,1
DA:67,1
DA:68,1
DA:70,1
DA:71,1
DA:72,1
DA:73,1
DA:74,1
DA:75,1
DA:76,1
DA:77,1
DA:78,1
DA:80,1
DA:81,1
DA:82,1
DA:83,1
LF:68
LH:68
BRDA:19,0,0,3
BRDA:21,1,0,0
BRDA:22,2,0,0
BRDA:39,3,0,1
BRDA:49,4,0,1
BRDA:50,5,0,1
BRDA:57,6,0,1
BRDA:66,7,0,1
BRF:8
BRH:6
end_of_record
TN:
SF:src/components/tasks/__tests__/TaskForm.test.tsx
FNF:0
FNH:0
DA:1,1
DA:2,1
DA:3,1
DA:4,1
DA:5,1
DA:10,1
DA:11,1
DA:12,3
DA:13,1
DA:15,1
DA:16,1
DA:18,1
DA:19,1
DA:20,1
DA:22,1
DA:23,1
DA:25,1
DA:26,1
DA:27,1
DA:28,1
DA:29,1
DA:30,1
DA:31,1
DA:32,1
DA:34,1
DA:35,1
DA:37,1
DA:38,1
DA:39,1
DA:40,1
DA:41,1
DA:42,1
DA:43,1
LF:33
LH:33
BRDA:10,0,0,1
BRDA:11,1,0,3
BRDA:15,2,0,1
BRDA:25,3,0,1
BRDA:37,4,0,1
BRF:5
BRH:5
end_of_record
TN:
SF:src/components/tasks/__tests__/TaskItem.test.tsx
FN:30,baseTask
FN:43,LiveTaskItem
FN:50,renderLiveTask
FNF:3
FNH:3
FNDA:4,baseTask
FNDA:11,LiveTaskItem
FNDA:4,renderLiveTask
DA:1,1
DA:2,1
DA:3,1
DA:4,1
DA:5,1
DA:6,1
DA:7,1
DA:8,1
DA:14,1
DA:15,1
DA:16,1
DA:17,1
DA:18,1
DA:19,1
DA:20,1
DA:22,1
DA:23,1
DA:24,1
DA:25,1
DA:26,1
DA:27,1
DA:28,1
DA:30,1
DA:31,4
DA:32,4
DA:33,4
DA:34,4
DA:35,4
DA:36,4
DA:37,4
DA:38,4
DA:39,4
DA:40,4
DA:43,1
DA:44,11
DA:45,11
DA:46,11
DA:47,7
DA:48,7
DA:50,1
DA:51,4
DA:52,4
DA:53,4
DA:54,4
DA:55,4
DA:56,4
DA:57,4
DA:58,4
DA:59,4
DA:61,1
DA:62,1
DA:63,4
DA:64,1
DA:66,1
DA:67,1
DA:68,1
DA:70,1
DA:71,1
DA:73,1
DA:74,1
DA:75,1
DA:77,1
DA:79,1
DA:80,1
DA:81,1
DA:82,1
DA:84,1
DA:85,1
DA:86,1
DA:87,1
DA:88,1
DA:89,1
DA:90,1
DA:92,1
DA:93,1
DA:95,1
DA:96,1
DA:97,1
DA:98,1
DA:99,1
DA:100,1
DA:101,1
DA:102,1
DA:103,1
DA:104,1
DA:105,1
LF:86
LH:86
BRDA:30,0,0,4
BRDA:43,1,0,11
BRDA:46,2,0,4
BRDA:46,3,0,7
BRDA:45,4,0,7
BRDA:50,5,0,4
BRDA:61,6,0,1
BRDA:62,7,0,4
BRDA:66,8,0,1
BRDA:73,9,0,1
BRDA:84,10,0,1
BRDA:95,11,0,1
BRF:12
BRH:12
end_of_record
TN:
SF:src/components/tasks/__tests__/TodaysTasks.test.tsx
FN:12,SeedTasks
FN:33,LoggedInProviders
FN:41,EnsureLogin
FNF:3
FNH:3
FNDA:4,SeedTasks
FNDA:2,LoggedInProviders
FNDA:4,EnsureLogin
DA:1,1
DA:2,1
DA:3,1
DA:4,1
DA:5,1
DA:6,1
DA:7,1
DA:8,1
DA:12,1
DA:13,4
DA:14,4
DA:15,4
DA:16,4
DA:17,4
DA:18,4
DA:19,2
DA:20,2
DA:21,2
DA:22,2
DA:23,2
DA:24,4
DA:25,4
DA:26,4
DA:27,4
DA:28,4
DA:29,4
DA:30,4
DA:33,1
DA:34,2
DA:35,2
DA:36,2
DA:37,2
DA:38,2
DA:41,1
DA:42,4
DA:43,4
DA:44,4
DA:45,4
DA:46,4
DA:47,2
DA:48,2
DA:50,1
DA:51,1
DA:52,2
DA:53,1
DA:55,1
DA:57,1
DA:58,1
DA:59,1
DA:61,1
DA:62,1
DA:64,1
DA:65,1
DA:66,1
DA:67,1
DA:69,1
DA:70,1
DA:71,1
DA:72,1
LF:59
LH:59
BRDA:12,0,0,4
BRDA:15,1,0,4
BRDA:16,2,0,0
BRDA:18,3,0,2
BRDA:18,4,0,2
BRDA:25,5,0,4
BRDA:27,6,0,2
BRDA:27,7,0,1
BRDA:26,8,0,6
BRDA:33,9,0,2
BRDA:41,10,0,4
BRDA:46,11,0,2
BRDA:43,12,0,4
BRDA:44,13,0,2
BRDA:50,14,0,1
BRDA:51,15,0,2
BRDA:55,16,0,1
BRDA:61,17,0,1
BRF:18
BRH:17
end_of_record
TN:
SF:src/components/ui/Layout.tsx
FN:12,Layout
FN:18,scrollToMain
FN:20,copyInvite
FN:39,toggleDrawer
FN:114,onClose
FN:160,onClose
FN:162,onOpenTopCard
FN:163,onGoToSection
FNF:8
FNH:4
FNDA:54,Layout
FNDA:0,scrollToMain
FNDA:1,copyInvite
FNDA:13,toggleDrawer
FNDA:0,onClose
FNDA:0,onClose
FNDA:3,onOpenTopCard
FNDA:0,onGoToSection
DA:1,1
DA:12,1
DA:13,54
DA:14,54
DA:15,54
DA:17,54
DA:18,54
DA:19,54
DA:20,54
DA:21,1
DA:22,1
DA:24,1
DA:25,1
DA:26,1
DA:27,0
DA:28,0
DA:29,0
DA:30,0
DA:31,0
DA:32,0
DA:33,0
DA:34,1
DA:35,1
DA:36,1
DA:37,1
DA:39,54
DA:41,54
DA:42,54
DA:44,54
DA:46,54
DA:47,54
DA:48,54
DA:49,54
DA:50,54
DA:51,54
DA:52,54
DA:53,54
DA:55,54
DA:56,54
DA:57,54
DA:58,54
DA:59,54
DA:60,54
DA:61,54
DA:62,54
DA:64,54
DA:65,54
DA:66,54
DA:67,54
DA:68,54
DA:70,54
DA:71,54
DA:72,54
DA:74,54
DA:75,54
DA:77,54
DA:78,54
DA:79,54
DA:82,54
DA:83,54
DA:84,0
DA:85,0
DA:86,0
DA:87,0
DA:88,0
DA:89,0
DA:91,54
DA:93,54
DA:94,54
DA:95,54
DA:96,54
DA:97,54
DA:98,54
DA:99,54
DA:100,54
DA:101,54
DA:102,54
DA:103,54
DA:104,54
DA:105,54
DA:106,54
DA:107,54
DA:108,54
DA:109,54
DA:110,54
DA:111,54
DA:114,54
DA:117,54
DA:120,54
DA:121,54
DA:122,54
DA:123,54
DA:124,54
DA:127,54
DA:128,54
DA:129,54
DA:130,54
DA:131,54
DA:132,54
DA:134,54
DA:135,54
DA:136,54
DA:139,54
DA:140,54
DA:141,54
DA:143,54
DA:146,54
DA:147,54
DA:148,54
DA:149,54
DA:150,54
DA:151,54
DA:152,54
DA:153,54
DA:154,54
DA:155,54
DA:156,54
DA:157,54
DA:158,54
DA:159,54
DA:160,54
DA:161,54
DA:162,54
DA:163,54
DA:165,0
DA:166,0
DA:167,54
DA:168,54
DA:170,54
LF:129
LH:114
BRDA:12,0,0,54
BRDA:50,1,0,21
BRDA:50,2,0,33
BRDA:83,3,0,0
BRDA:94,4,0,14
BRDA:96,5,0,14
BRDA:104,6,0,1
BRDA:20,7,0,1
BRDA:21,8,0,0
BRDA:26,9,0,0
BRDA:36,10,0,0
BRDA:39,11,0,13
BRDA:39,12,0,13
BRDA:162,13,0,3
BRF:14
BRH:10
end_of_record
TN:
SF:src/components/ui/SideDrawer.tsx
FN:18,SideDrawer
FN:48,clamp
FN:49,computeDefaultWidth
FN:73,updateWidth
FN:87,onResizeMouseDown
FN:144,onClick
FN:180,action
FN:181,action
FN:182,action
FN:183,action
FN:184,action
FN:191,onClick
FN:227,onClick
FN:267,onClick
FN:306,onClick
FNF:15
FNH:11
FNDA:69,SideDrawer
FNDA:17,clamp
FNDA:17,computeDefaultWidth
FNDA:17,updateWidth
FNDA:0,onResizeMouseDown
FNDA:7,onClick
FNDA:0,action
FNDA:0,action
FNDA:1,action
FNDA:1,action
FNDA:1,action
FNDA:3,onClick
FNDA:2,onClick
FNDA:2,onClick
FNDA:0,onClick
DA:1,1
DA:18,1
DA:19,69
DA:20,69
DA:21,69
DA:22,69
DA:23,0
DA:24,0
DA:25,0
DA:26,0
DA:27,69
DA:28,69
DA:29,69
DA:30,69
DA:31,0
DA:32,0
DA:33,0
DA:34,0
DA:35,69
DA:36,69
DA:37,69
DA:39,69
DA:40,0
DA:41,69
DA:43,69
DA:44,69
DA:45,69
DA:46,69
DA:48,69
DA:49,69
DA:50,17
DA:51,17
DA:53,17
DA:54,17
DA:55,17
DA:57,69
DA:58,60
DA:59,60
DA:60,69
DA:62,69
DA:63,32
DA:64,17
DA:65,17
DA:66,17
DA:67,17
DA:68,69
DA:71,69
DA:72,18
DA:73,17
DA:74,17
DA:75,17
DA:76,17
DA:77,17
DA:78,17
DA:79,0
DA:80,17
DA:81,17
DA:82,17
DA:83,17
DA:84,17
DA:85,69
DA:87,69
DA:88,0
DA:89,0
DA:90,0
DA:92,0
DA:93,0
DA:94,0
DA:95,0
DA:96,0
DA:97,0
DA:98,0
DA:99,0
DA:100,0
DA:101,0
DA:102,0
DA:103,0
DA:104,0
DA:105,0
DA:106,0
DA:107,0
DA:108,0
DA:109,0
DA:110,0
DA:111,0
DA:113,69
DA:115,69
DA:116,69
DA:117,69
DA:118,69
DA:119,69
DA:120,69
DA:123,69
DA:124,3
DA:125,3
DA:126,3
DA:127,3
DA:128,3
DA:131,69
DA:132,69
DA:133,69
DA:134,69
DA:135,3
DA:136,66
DA:137,69
DA:138,69
DA:139,69
DA:140,69
DA:141,69
DA:142,69
DA:143,69
DA:144,69
DA:145,69
DA:148,69
DA:149,66
DA:150,66
DA:151,66
DA:152,66
DA:153,66
DA:154,66
DA:155,66
DA:156,66
DA:157,66
DA:158,66
DA:159,66
DA:160,66
DA:161,66
DA:163,66
DA:164,66
DA:165,66
DA:166,66
DA:167,66
DA:169,69
DA:170,69
DA:171,69
DA:172,69
DA:175,69
DA:177,69
DA:178,69
DA:179,69
DA:180,69
DA:181,69
DA:182,69
DA:183,69
DA:184,69
DA:185,69
DA:186,345
DA:187,345
DA:188,345
DA:189,345
DA:190,345
DA:191,345
DA:192,345
DA:193,345
DA:194,345
DA:195,345
DA:196,345
DA:198,69
DA:199,69
DA:200,69
DA:203,69
DA:204,69
DA:205,69
DA:206,69
DA:207,69
DA:208,69
DA:209,69
DA:210,69
DA:213,69
DA:214,69
DA:215,69
DA:216,69
DA:217,69
DA:218,69
DA:219,69
DA:220,69
DA:222,69
DA:225,69
DA:226,69
DA:227,69
DA:228,69
DA:229,69
DA:230,69
DA:232,69
DA:233,69
DA:234,69
DA:235,69
DA:236,69
DA:237,69
DA:238,69
DA:239,68
DA:240,68
DA:241,68
DA:243,68
DA:244,0
DA:245,0
DA:246,0
DA:247,0
DA:248,0
DA:249,0
DA:250,0
DA:251,0
DA:252,0
DA:253,0
DA:254,0
DA:255,0
DA:256,0
DA:257,0
DA:258,0
DA:259,68
DA:260,68
DA:262,69
DA:265,69
DA:266,69
DA:267,69
DA:268,69
DA:269,69
DA:270,69
DA:272,69
DA:273,69
DA:274,69
DA:275,69
DA:276,69
DA:277,69
DA:278,69
DA:279,68
DA:280,68
DA:281,68
DA:283,68
DA:284,0
DA:285,0
DA:286,0
DA:287,0
DA:288,0
DA:289,0
DA:290,0
DA:291,0
DA:292,0
DA:293,0
DA:294,0
DA:295,0
DA:296,0
DA:297,0
DA:298,0
DA:299,0
DA:300,0
DA:301,0
DA:302,0
DA:303,68
DA:304,68
DA:305,0
DA:306,0
DA:307,0
DA:308,0
DA:309,0
DA:311,68
DA:313,69
DA:314,69
DA:317,69
DA:318,69
DA:319,69
DA:320,69
DA:321,69
DA:322,69
DA:325,69
DA:326,69
DA:327,69
LF:267
LH:195
BRDA:18,0,0,69
BRDA:113,1,0,0
BRDA:117,2,0,3
BRDA:117,3,0,66
BRDA:117,4,0,35
BRDA:117,5,0,34
BRDA:123,6,0,3
BRDA:125,7,0,2
BRDA:125,8,0,1
BRDA:134,9,0,3
BRDA:135,10,0,2
BRDA:135,11,0,1
BRDA:135,12,0,66
BRDA:136,13,0,33
BRDA:136,14,0,33
BRDA:142,15,0,34
BRDA:145,16,0,66
BRDA:145,17,0,17
BRDA:145,18,0,3
BRDA:148,19,0,66
BRDA:169,20,0,3
BRDA:169,21,0,66
BRDA:177,22,0,3
BRDA:177,23,0,66
BRDA:203,24,0,3
BRDA:203,25,0,66
BRDA:213,26,0,3
BRDA:213,27,0,66
BRDA:222,28,0,3
BRDA:222,29,0,66
BRDA:225,30,0,3
BRDA:225,31,0,66
BRDA:234,32,0,68
BRDA:234,33,0,1
BRDA:235,34,0,68
BRDA:235,35,0,1
BRDA:238,36,0,68
BRDA:265,37,0,3
BRDA:265,38,0,66
BRDA:274,39,0,68
BRDA:274,40,0,1
BRDA:275,41,0,68
BRDA:275,42,0,1
BRDA:278,43,0,68
BRDA:304,44,0,0
BRDA:317,45,0,3
BRDA:317,46,0,66
BRDA:325,47,0,0
BRDA:48,48,0,17
BRDA:49,49,0,17
BRDA:50,50,0,0
BRDA:53,51,0,0
BRDA:53,52,0,0
BRDA:57,53,0,60
BRDA:59,54,0,60
BRDA:62,55,0,32
BRDA:63,56,0,23
BRDA:63,57,0,15
BRDA:63,58,0,17
BRDA:66,59,0,17
BRDA:67,60,0,17
BRDA:71,61,0,18
BRDA:72,62,0,17
BRDA:72,63,0,1
BRDA:73,64,0,17
BRDA:74,65,0,17
BRDA:75,66,0,0
BRDA:78,67,0,0
BRDA:84,68,0,17
BRDA:144,69,0,7
BRDA:182,70,0,1
BRDA:183,71,0,1
BRDA:184,72,0,1
BRDA:185,73,0,345
BRDA:190,74,0,69
BRDA:190,75,0,276
BRDA:193,76,0,15
BRDA:193,77,0,330
BRDA:191,78,0,3
BRDA:191,79,0,0
BRDA:227,80,0,2
BRDA:227,81,0,2
BRDA:267,82,0,2
BRDA:267,83,0,2
BRF:84
BRH:75
end_of_record
TN:
SF:src/components/ui/TopNavPanel.tsx
FN:17,TopNavPanel
FN:21,setActive
FN:53,onClick
FN:73,onClick
FN:86,onClick
FNF:5
FNH:3
FNDA:54,TopNavPanel
FNDA:7,setActive
FNDA:7,onClick
FNDA:0,onClick
FNDA:0,onClick
DA:1,1
DA:17,1
DA:18,54
DA:19,54
DA:20,54
DA:21,54
DA:22,7
DA:23,7
DA:24,7
DA:26,54
DA:27,54
DA:28,54
DA:29,54
DA:30,54
DA:31,54
DA:32,54
DA:33,54
DA:34,54
DA:36,54
DA:37,54
DA:38,54
DA:39,54
DA:40,54
DA:41,54
DA:42,54
DA:43,54
DA:44,54
DA:45,54
DA:46,54
DA:47,54
DA:48,54
DA:49,162
DA:50,162
DA:51,162
DA:52,162
DA:53,162
DA:54,162
DA:56,162
DA:57,162
DA:58,162
DA:59,54
DA:60,54
DA:61,54
DA:64,54
DA:65,12
DA:66,12
DA:67,12
DA:68,12
DA:69,12
DA:70,12
DA:71,12
DA:72,12
DA:73,12
DA:74,12
DA:75,12
DA:76,12
DA:77,12
DA:78,12
DA:79,4
DA:80,4
DA:81,4
DA:82,4
DA:83,4
DA:84,4
DA:85,4
DA:86,4
DA:87,0
DA:88,0
DA:90,0
DA:91,0
DA:92,0
DA:93,4
DA:94,4
DA:96,4
DA:97,4
DA:98,4
DA:100,12
DA:101,12
DA:102,12
DA:104,54
DA:105,54
DA:106,54
DA:108,54
LF:83
LH:78
BRDA:17,0,0,54
BRDA:20,1,0,0
BRDA:32,2,0,21
BRDA:32,3,0,33
BRDA:64,4,0,12
BRDA:69,5,0,4
BRDA:70,6,0,4
BRDA:71,7,0,4
BRDA:76,8,0,4
BRDA:77,9,0,4
BRDA:78,10,0,4
BRDA:21,11,0,7
BRDA:23,12,0,0
BRDA:48,13,0,162
BRDA:53,14,0,7
BRF:15
BRH:13
end_of_record
TN:
SF:src/components/ui/__tests__/DrawerOverlay.test.tsx
FN:13,Wrapper
FN:18,onClose
FNF:2
FNH:2
FNDA:2,Wrapper
FNDA:1,onClose
DA:1,1
DA:2,1
DA:3,1
DA:4,1
DA:5,1
DA:6,1
DA:7,1
DA:11,1
DA:12,1
DA:13,1
DA:14,2
DA:15,2
DA:16,2
DA:17,2
DA:18,2
DA:19,2
DA:20,2
DA:22,2
DA:24,1
DA:27,1
DA:28,1
DA:31,1
DA:32,1
DA:35,1
DA:36,1
DA:37,1
DA:38,1
DA:39,1
DA:41,1
DA:42,1
DA:43,1
DA:44,1
DA:45,1
DA:46,1
DA:47,1
DA:48,1
DA:49,1
DA:50,1
DA:52,1
DA:55,1
DA:57,1
DA:58,1
DA:59,1
LF:43
LH:43
BRDA:11,0,0,1
BRDA:12,1,0,1
BRDA:13,2,0,2
BRDA:18,3,0,1
BRDA:41,4,0,1
BRF:5
BRH:5
end_of_record
TN:
SF:src/components/ui/__tests__/Footer.test.tsx
FNF:0
FNH:0
DA:1,1
DA:2,1
DA:3,1
DA:4,1
DA:5,1
DA:6,1
DA:9,1
DA:10,1
DA:11,1
DA:12,1
DA:13,1
DA:14,1
DA:15,1
DA:16,1
DA:17,1
DA:18,1
DA:19,1
DA:22,1
DA:23,1
DA:26,1
DA:27,1
DA:28,1
DA:29,1
DA:30,1
LF:24
LH:24
BRDA:9,0,0,1
BRDA:10,1,0,1
BRDA:23,2,0,237
BRDA:23,3,0,1
BRF:4
BRH:4
end_of_record
TN:
SF:src/components/ui/__tests__/LayoutDrawer.test.tsx
FN:9,setup
FNF:1
FNH:1
FNDA:1,setup
DA:1,1
DA:2,1
DA:3,1
DA:4,1
DA:5,1
DA:6,1
DA:9,1
DA:10,1
DA:11,1
DA:12,1
DA:13,1
DA:14,1
DA:15,1
DA:16,1
DA:17,1
DA:18,1
DA:19,1
DA:21,1
DA:22,1
DA:23,1
DA:24,1
DA:25,1
DA:26,1
DA:27,1
DA:28,1
DA:29,1
DA:30,1
DA:31,1
LF:28
LH:28
BRDA:9,0,0,1
BRDA:21,1,0,1
BRDA:22,2,0,1
BRF:3
BRH:3
end_of_record
TN:
SF:src/components/ui/__tests__/SideDrawer.test.tsx
FN:9,AuthProvider
FN:19,setup
FN:23,onClose
FNF:3
FNH:2
FNDA:4,AuthProvider
FNDA:4,setup
FNDA:0,onClose
DA:1,1
DA:2,1
DA:8,1
DA:9,1
DA:10,4
DA:11,4
DA:12,4
DA:19,1
DA:20,4
DA:21,4
DA:22,4
DA:23,4
DA:24,4
DA:25,4
DA:26,4
DA:27,4
DA:29,1
DA:30,1
DA:31,4
DA:32,1
DA:34,1
DA:35,1
DA:36,1
DA:37,1
DA:38,1
DA:40,1
DA:41,1
DA:42,1
DA:43,1
DA:45,1
DA:46,1
DA:47,1
DA:48,1
DA:49,1
DA:50,1
DA:51,1
DA:52,1
DA:53,1
DA:55,1
DA:56,1
DA:57,1
DA:58,1
DA:59,1
DA:60,1
DA:61,1
DA:62,1
DA:63,1
DA:65,1
DA:66,1
DA:68,1
DA:69,1
DA:70,1
LF:52
LH:52
BRDA:9,0,0,4
BRDA:19,1,0,4
BRDA:29,2,0,1
BRDA:30,3,0,4
BRDA:34,4,0,1
BRDA:45,5,0,1
BRDA:55,6,0,1
BRDA:65,7,0,1
BRF:8
BRH:8
end_of_record
TN:
SF:src/components/ui/__tests__/TopNavIntegration.test.tsx
FN:10,setup
FNF:1
FNH:1
FNDA:3,setup
DA:1,1
DA:2,1
DA:3,1
DA:4,1
DA:5,1
DA:9,1
DA:10,1
DA:11,3
DA:12,3
DA:13,3
DA:14,3
DA:18,1
DA:19,1
DA:20,1
DA:21,1
DA:22,1
DA:23,1
DA:24,1
DA:26,1
DA:27,1
DA:28,1
DA:29,1
DA:30,1
DA:31,1
DA:32,1
DA:34,1
DA:35,1
DA:36,1
DA:37,1
DA:38,1
DA:39,1
DA:40,1
DA:41,1
LF:33
LH:33
BRDA:9,0,0,1
BRDA:10,1,0,3
BRDA:18,2,0,1
BRDA:26,3,0,1
BRDA:34,4,0,1
BRF:5
BRH:5
end_of_record
TN:
SF:src/components/ui/__tests__/TopNavPanel.test.tsx
FN:10,setup
FNF:1
FNH:1
FNDA:3,setup
DA:1,1
DA:2,1
DA:3,1
DA:4,1
DA:5,1
DA:9,1
DA:10,1
DA:11,3
DA:12,3
DA:13,3
DA:14,3
DA:16,1
DA:17,1
DA:18,1
DA:19,1
DA:20,1
DA:21,1
DA:23,1
DA:24,1
DA:25,1
DA:26,1
DA:28,1
DA:29,1
DA:30,1
DA:31,1
DA:32,1
DA:33,1
DA:35,1
DA:36,1
DA:37,1
DA:38,1
DA:39,1
DA:40,1
DA:41,1
DA:42,1
DA:43,1
LF:36
LH:36
BRDA:9,0,0,1
BRDA:10,1,0,3
BRDA:16,2,0,1
BRDA:28,3,0,1
BRDA:35,4,0,1
BRF:5
BRH:5
end_of_record
TN:
SF:src/components/ui/__tests__/UXExtras.test.tsx
FN:14,ensureLoggedIn
FN:24,openHamburger
FNF:2
FNH:2
FNDA:4,ensureLoggedIn
FNDA:5,openHamburger
DA:1,1
DA:2,1
DA:3,1
DA:4,1
DA:8,1
DA:9,1
DA:11,4
DA:12,1
DA:14,1
DA:16,4
DA:17,4
DA:18,4
DA:19,4
DA:20,4
DA:21,4
DA:22,4
DA:24,1
DA:26,5
DA:27,5
DA:28,5
DA:30,1
DA:31,1
DA:32,1
DA:34,1
DA:35,1
DA:37,1
DA:38,1
DA:40,1
DA:41,1
DA:42,1
DA:43,1
DA:44,1
DA:45,1
DA:47,1
DA:49,1
DA:50,1
DA:52,1
DA:53,1
DA:54,1
DA:56,1
DA:57,1
DA:58,1
DA:59,1
DA:60,1
DA:62,1
DA:63,1
DA:64,1
DA:66,1
DA:68,1
DA:71,1
DA:72,1
DA:73,1
DA:76,1
DA:77,1
DA:78,1
DA:79,1
DA:80,1
LF:57
LH:57
BRDA:8,0,0,1
BRDA:9,1,0,4
BRDA:14,2,0,4
BRDA:24,3,0,5
BRDA:30,4,0,1
BRDA:37,5,0,1
BRDA:52,6,0,1
BRDA:62,7,0,1
BRF:8
BRH:8
end_of_record
TN:
SF:src/contexts/AuthContext.tsx
FN:16,useAuth
FN:25,AuthProvider
FN:46,login
FN:65,logout
FN:77,linkPartner
FN:113,unlinkPartner
FN:129,updateUser
FNF:7
FNH:5
FNDA:347,useAuth
FNDA:84,AuthProvider
FNDA:15,login
FNDA:1,logout
FNDA:4,linkPartner
FNDA:0,unlinkPartner
FNDA:0,updateUser
DA:1,1
DA:14,1
DA:16,1
DA:17,347
DA:18,347
DA:19,0
DA:20,0
DA:21,347
DA:22,347
DA:25,1
DA:26,84
DA:27,36
DA:28,36
DA:29,36
DA:30,36
DA:31,84
DA:34,84
DA:35,36
DA:36,31
DA:37,31
DA:38,31
DA:39,31
DA:40,31
DA:41,31
DA:42,31
DA:43,31
DA:44,84
DA:46,84
DA:47,15
DA:48,15
DA:49,15
DA:50,15
DA:51,15
DA:52,15
DA:53,15
DA:54,15
DA:56,15
DA:58,15
DA:59,15
DA:60,15
DA:61,15
DA:62,15
DA:63,15
DA:65,84
DA:66,1
DA:67,1
DA:69,1
DA:70,1
DA:71,1
DA:72,1
DA:73,1
DA:74,1
DA:75,1
DA:77,84
DA:80,4
DA:82,4
DA:83,1
DA:84,1
DA:87,3
DA:88,3
DA:89,3
DA:90,3
DA:91,3
DA:92,3
DA:93,3
DA:96,3
DA:97,3
DA:98,3
DA:99,3
DA:101,3
DA:102,3
DA:103,3
DA:104,3
DA:105,3
DA:107,3
DA:108,3
DA:110,0
DA:111,4
DA:113,84
DA:114,0
DA:115,0
DA:116,0
DA:118,0
DA:119,0
DA:121,0
DA:122,0
DA:123,0
DA:124,0
DA:125,0
DA:126,0
DA:127,0
DA:129,84
DA:130,0
DA:131,0
DA:132,0
DA:134,0
DA:135,0
DA:136,0
DA:137,0
DA:138,0
DA:139,0
DA:141,84
DA:142,84
DA:143,84
DA:144,84
DA:145,84
DA:146,84
DA:147,84
DA:148,84
DA:150,84
DA:151,84
LF:111
LH:87
BRDA:16,0,0,347
BRDA:18,1,0,0
BRDA:25,2,0,84
BRDA:26,3,0,36
BRDA:27,4,0,31
BRDA:28,5,0,32
BRDA:34,6,0,36
BRDA:35,7,0,5
BRDA:35,8,0,31
BRDA:46,9,0,15
BRDA:50,10,0,8
BRDA:58,11,0,15
BRDA:65,12,0,1
BRDA:77,13,0,4
BRDA:82,14,0,1
BRDA:84,15,0,3
BRDA:108,16,0,0
BRDA:101,17,0,3
BRF:18
BRH:16
end_of_record
TN:
SF:src/contexts/TaskContext.tsx
FN:28,useTask
FN:37,TaskProvider
FN:61,createTask
FN:80,reorderTasksWithinPriority
FN:94,updateTask
FN:104,softDeleteTask
FN:108,restoreTask
FN:112,hardDeleteTask
FN:116,toggleTaskComplete
FN:129,filterTasks
FN:145,getTasksByDate
FN:157,getTodaysTasks
FN:183,getCompletedTasks
FN:202,getDeletedTasks
FN:210,moveTaskToDate
FN:215,importTasksFromText
FN:375,getDefaultColorForPriority
FN:386,getDefaultColorForAssignment
FNF:18
FNH:14
FNDA:246,useTask
FNDA:95,TaskProvider
FNDA:17,createTask
FNDA:0,reorderTasksWithinPriority
FNDA:1,updateTask
FNDA:1,softDeleteTask
FNDA:1,restoreTask
FNDA:1,hardDeleteTask
FNDA:7,toggleTaskComplete
FNDA:0,filterTasks
FNDA:42,getTasksByDate
FNDA:12,getTodaysTasks
FNDA:70,getCompletedTasks
FNDA:69,getDeletedTasks
FNDA:0,moveTaskToDate
FNDA:1,importTasksFromText
FNDA:0,getDefaultColorForPriority
FNDA:5,getDefaultColorForAssignment
DA:1,1
DA:26,1
DA:28,1
DA:29,246
DA:30,246
DA:31,0
DA:32,0
DA:33,246
DA:34,246
DA:37,1
DA:38,95
DA:39,95
DA:40,95
DA:43,95
DA:44,36
DA:45,5
DA:46,5
DA:47,5
DA:48,5
DA:49,31
DA:50,36
DA:51,36
DA:52,95
DA:55,95
DA:56,90
DA:57,54
DA:58,54
DA:59,95
DA:61,95
DA:62,17
DA:64,14
DA:66,14
DA:67,17
DA:68,17
DA:69,17
DA:70,17
DA:71,17
DA:72,17
DA:73,17
DA:74,17
DA:75,17
DA:77,17
DA:78,17
DA:80,95
DA:81,0
DA:82,0
DA:84,0
DA:85,0
DA:86,0
DA:87,0
DA:88,0
DA:89,0
DA:90,0
DA:91,0
DA:92,0
DA:94,95
DA:95,1
DA:96,1
DA:97,1
DA:98,1
DA:99,0
DA:100,1
DA:101,1
DA:102,1
DA:104,95
DA:105,1
DA:106,1
DA:108,95
DA:109,1
DA:110,1
DA:112,95
DA:113,1
DA:114,1
DA:116,95
DA:117,7
DA:118,12
DA:119,7
DA:120,7
DA:121,7
DA:122,7
DA:123,12
DA:124,12
DA:125,12
DA:126,7
DA:127,7
DA:129,95
DA:130,0
DA:131,0
DA:132,0
DA:133,0
DA:134,0
DA:136,0
DA:137,0
DA:138,0
DA:139,0
DA:141,0
DA:142,0
DA:143,0
DA:145,95
DA:147,42
DA:148,42
DA:149,0
DA:150,0
DA:151,0
DA:152,0
DA:153,0
DA:154,42
DA:155,42
DA:157,95
DA:158,12
DA:159,12
DA:160,12
DA:161,10
DA:163,9
DA:164,8
DA:165,1
DA:166,10
DA:167,12
DA:168,12
DA:170,10
DA:171,10
DA:172,10
DA:173,10
DA:174,10
DA:175,10
DA:176,10
DA:177,10
DA:178,10
DA:179,0
DA:180,12
DA:181,12
DA:183,95
DA:186,70
DA:187,70
DA:188,70
DA:189,1
DA:190,1
DA:191,1
DA:192,0
DA:193,0
DA:194,0
DA:196,0
DA:197,0
DA:198,0
DA:199,70
DA:200,70
DA:202,95
DA:203,69
DA:204,0
DA:205,0
DA:206,0
DA:207,69
DA:208,69
DA:210,95
DA:211,0
DA:212,0
DA:215,95
DA:216,1
DA:218,1
DA:219,1
DA:221,1
DA:222,1
DA:224,1
DA:232,5
DA:233,5
DA:234,5
DA:235,5
DA:236,5
DA:237,5
DA:240,5
DA:241,5
DA:242,1
DA:243,1
DA:244,1
DA:245,1
DA:246,1
DA:247,1
DA:248,1
DA:249,1
DA:250,1
DA:251,1
DA:252,1
DA:253,1
DA:254,1
DA:255,1
DA:256,5
DA:260,4
DA:261,4
DA:262,1
DA:264,1
DA:265,1
DA:266,1
DA:269,4
DA:270,4
DA:271,1
DA:272,1
DA:273,1
DA:274,1
DA:277,4
DA:278,4
DA:279,1
DA:280,1
DA:281,1
DA:282,1
DA:285,4
DA:286,4
DA:287,0
DA:288,0
DA:289,0
DA:292,4
DA:293,4
DA:294,0
DA:295,0
DA:296,0
DA:297,0
DA:298,4
DA:301,5
DA:302,5
DA:303,1
DA:304,1
DA:305,1
DA:308,5
DA:310,5
DA:311,5
DA:314,5
DA:315,5
DA:316,1
DA:317,1
DA:318,1
DA:319,1
DA:320,1
DA:321,1
DA:322,1
DA:323,1
DA:325,5
DA:326,5
DA:327,5
DA:328,5
DA:329,5
DA:330,5
DA:331,5
DA:332,5
DA:333,5
DA:334,5
DA:335,5
DA:336,5
DA:337,5
DA:338,5
DA:339,5
DA:341,5
DA:342,5
DA:343,1
DA:344,1
DA:347,1
DA:349,1
DA:350,1
DA:352,95
DA:353,95
DA:354,95
DA:355,95
DA:356,95
DA:357,95
DA:358,95
DA:359,95
DA:360,95
DA:361,95
DA:362,95
DA:363,95
DA:364,95
DA:365,95
DA:366,95
DA:367,95
DA:368,95
DA:369,95
DA:371,95
DA:372,95
DA:375,1
DA:376,0
DA:377,0
DA:378,0
DA:379,0
DA:380,0
DA:381,0
DA:382,0
DA:383,0
DA:386,1
DA:387,5
DA:388,5
DA:389,4
DA:390,5
DA:391,0
DA:392,5
DA:393,1
DA:394,5
DA:395,0
DA:396,5
DA:397,5
LF:297
LH:237
BRDA:28,0,0,246
BRDA:30,1,0,0
BRDA:37,2,0,95
BRDA:43,3,0,36
BRDA:44,4,0,5
BRDA:48,5,0,31
BRDA:49,6,0,26
BRDA:55,7,0,90
BRDA:56,8,0,54
BRDA:61,9,0,17
BRDA:62,10,0,3
BRDA:62,11,0,14
BRDA:67,12,0,0
BRDA:67,13,0,14
BRDA:77,14,0,14
BRDA:94,15,0,1
BRDA:95,16,0,1
BRDA:96,17,0,1
BRDA:98,18,0,0
BRDA:104,19,0,1
BRDA:105,20,0,1
BRDA:105,21,0,1
BRDA:105,22,0,0
BRDA:108,23,0,1
BRDA:109,24,0,1
BRDA:109,25,0,1
BRDA:109,26,0,0
BRDA:112,27,0,1
BRDA:113,28,0,1
BRDA:113,29,0,1
BRDA:116,30,0,7
BRDA:117,31,0,7
BRDA:117,32,0,12
BRDA:118,33,0,5
BRDA:118,34,0,9
BRDA:118,35,0,7
BRDA:123,36,0,5
BRDA:123,37,0,2
BRDA:145,38,0,42
BRDA:157,39,0,12
BRDA:160,40,0,10
BRDA:161,41,0,9
BRDA:161,42,0,1
BRDA:163,43,0,8
BRDA:164,44,0,1
BRDA:168,45,0,10
BRDA:177,46,0,0
BRDA:178,47,0,0
BRDA:178,48,0,0
BRDA:183,49,0,70
BRDA:187,50,0,2
BRDA:188,51,0,1
BRDA:189,52,0,0
BRDA:190,53,0,0
BRDA:191,54,0,0
BRDA:202,55,0,69
BRDA:215,56,0,1
BRDA:216,57,0,0
BRDA:218,58,0,1
BRDA:221,59,0,1
BRDA:222,60,0,5
BRDA:224,61,0,5
BRDA:241,62,0,1
BRDA:243,63,0,0
BRDA:253,64,0,0
BRDA:256,65,0,4
BRDA:261,66,0,1
BRDA:264,67,0,0
BRDA:270,68,0,1
BRDA:272,69,0,0
BRDA:278,70,0,1
BRDA:281,71,0,0
BRDA:286,72,0,0
BRDA:293,73,0,0
BRDA:302,74,0,1
BRDA:315,75,0,1
BRDA:321,76,0,0
BRDA:328,77,0,4
BRDA:334,78,0,4
BRDA:335,79,0,4
BRDA:336,80,0,4
BRDA:347,81,0,1
BRDA:386,82,0,5
BRDA:388,83,0,4
BRDA:389,84,0,0
BRDA:390,85,0,0
BRDA:392,86,0,1
BRDA:394,87,0,0
BRF:88
BRH:65
end_of_record
TN:
SF:src/contexts/__tests__/AuthContext.test.tsx
FN:6,Harness
FN:19,onReady
FN:68,onReady
FNF:3
FNH:3
FNDA:20,Harness
FNDA:18,onReady
FNDA:2,onReady
DA:1,1
DA:2,1
DA:3,1
DA:4,1
DA:6,1
DA:7,20
DA:8,20
DA:9,20
DA:10,20
DA:12,1
DA:13,1
DA:14,1
DA:15,5
DA:16,5
DA:17,5
DA:18,5
DA:19,5
DA:20,5
DA:21,5
DA:22,5
DA:23,1
DA:25,1
DA:26,1
DA:27,1
DA:28,1
DA:29,1
DA:30,1
DA:31,1
DA:32,1
DA:33,1
DA:35,1
DA:36,1
DA:37,1
DA:38,1
DA:39,1
DA:40,1
DA:41,1
DA:42,1
DA:43,1
DA:45,1
DA:46,1
DA:47,1
DA:48,1
DA:49,1
DA:50,1
DA:51,1
DA:53,1
DA:54,1
DA:55,1
DA:56,1
DA:57,1
DA:58,1
DA:59,1
DA:60,1
DA:62,1
DA:63,1
DA:64,1
DA:66,1
DA:67,1
DA:68,1
DA:69,1
DA:70,1
DA:72,1
DA:73,1
DA:74,1
DA:75,1
LF:66
LH:66
BRDA:6,0,0,20
BRDA:8,1,0,20
BRDA:12,2,0,1
BRDA:14,3,0,5
BRDA:19,4,0,18
BRDA:25,5,0,1
BRDA:26,6,0,1
BRDA:35,7,0,1
BRDA:36,8,0,1
BRDA:39,9,0,1
BRDA:45,10,0,1
BRDA:46,11,0,1
BRDA:48,12,0,1
BRDA:53,13,0,1
BRDA:54,14,0,1
BRDA:55,15,0,1
BRDA:56,16,0,1
BRDA:62,17,0,1
BRDA:63,18,0,1
BRDA:68,19,0,2
BRF:20
BRH:20
end_of_record
TN:
SF:src/contexts/__tests__/TaskContext.test.tsx
FN:8,AuthProvider
FN:22,Harness
FN:37,onReady
FNF:3
FNH:3
FNDA:5,AuthProvider
FNDA:22,Harness
FNDA:22,onReady
DA:1,1
DA:2,1
DA:7,1
DA:8,1
DA:9,5
DA:10,5
DA:11,5
DA:12,5
DA:14,5
DA:22,1
DA:23,22
DA:24,22
DA:25,22
DA:26,22
DA:28,1
DA:29,1
DA:30,1
DA:31,5
DA:33,5
DA:34,5
DA:35,5
DA:36,5
DA:37,5
DA:38,5
DA:39,5
DA:40,5
DA:41,5
DA:42,1
DA:44,1
DA:45,1
DA:46,1
DA:47,1
DA:48,1
DA:49,1
DA:50,1
DA:51,1
DA:52,1
DA:53,1
DA:54,1
DA:55,1
DA:56,1
DA:57,1
DA:59,1
DA:60,1
DA:61,1
DA:62,1
DA:63,1
DA:64,1
DA:65,1
DA:66,1
DA:67,1
DA:68,1
DA:69,1
DA:70,1
DA:72,1
DA:73,1
DA:75,1
DA:76,1
DA:77,1
DA:78,1
DA:79,1
DA:80,1
DA:81,1
DA:83,1
DA:85,1
DA:86,1
DA:87,1
DA:88,1
DA:90,1
DA:91,1
DA:92,1
DA:93,1
DA:94,1
DA:95,1
DA:96,1
DA:97,1
DA:99,1
DA:100,1
DA:101,1
DA:102,1
DA:103,1
DA:104,1
DA:105,1
DA:106,1
DA:108,1
DA:109,1
DA:110,1
DA:111,1
DA:112,1
LF:89
LH:89
BRDA:8,0,0,5
BRDA:22,1,0,22
BRDA:24,2,0,22
BRDA:28,3,0,1
BRDA:30,4,0,5
BRDA:37,5,0,22
BRDA:44,6,0,1
BRDA:45,7,0,1
BRDA:59,8,0,1
BRDA:60,9,0,1
BRDA:64,10,0,1
BRDA:68,11,0,1
BRDA:75,12,0,1
BRDA:76,13,0,1
BRDA:80,14,0,1
BRDA:85,15,0,1
BRDA:90,16,0,1
BRDA:91,17,0,1
BRDA:95,18,0,1
BRDA:99,19,0,1
BRDA:100,20,0,1
BRDA:106,21,0,1
BRDA:108,22,0,1
BRF:23
BRH:23
end_of_record
TN:
SF:src/test-utils/renderWithProviders.tsx
FN:8,renderWithProviders
FNF:1
FNH:1
FNDA:11,renderWithProviders
DA:1,1
DA:8,1
DA:9,11
DA:10,11
DA:11,11
DA:12,11
DA:13,11
DA:14,11
DA:15,11
DA:16,11
DA:17,11
LF:11
LH:11
BRDA:8,0,0,11
BRF:1
BRH:1
end_of_record
TN:
SF:src/types/index.ts
FN:1,(empty-report)
FNF:1
FNH:1
FNDA:1,(empty-report)
LF:0
LH:0
BRDA:1,0,0,1
BRF:1
BRH:1
end_of_record
TN:
SF:src/utils/index.ts
FN:11,get
FN:22,set
FN:31,remove
FN:36,clearAll
FN:44,generateId
FN:49,generateInviteCode
FN:59,formatDate
FN:83,toLocalDateString
FN:91,parseLocalDate
FN:97,isSameLocalDay
FN:104,getDayOfWeek
FN:109,getWeekDates
FNF:12
FNH:10
FNDA:93,get
FNDA:75,set
FNDA:2,remove
FNDA:0,clearAll
FNDA:37,generateId
FNDA:15,generateInviteCode
FNDA:8,formatDate
FNDA:145,toLocalDateString
FNDA:51,parseLocalDate
FNDA:9,isSameLocalDay
FNDA:0,getDayOfWeek
FNDA:6,getWeekDates
DA:2,1
DA:3,1
DA:4,1
DA:5,1
DA:6,1
DA:7,1
DA:9,1
DA:11,1
DA:12,93
DA:13,93
DA:14,93
DA:15,93
DA:16,0
DA:17,0
DA:18,0
DA:19,93
DA:22,1
DA:23,75
DA:24,75
DA:25,75
DA:26,0
DA:27,0
DA:28,75
DA:31,1
DA:32,2
DA:33,2
DA:36,1
DA:37,0
DA:38,0
DA:39,0
DA:40,0
DA:41,1
DA:44,1
DA:45,37
DA:46,37
DA:49,1
DA:50,15
DA:51,15
DA:52,15
DA:53,90
DA:54,90
DA:55,15
DA:56,15
DA:59,1
DA:60,8
DA:61,8
DA:62,8
DA:63,8
DA:64,8
DA:65,8
DA:67,8
DA:68,8
DA:69,8
DA:70,0
DA:71,0
DA:72,0
DA:73,0
DA:74,0
DA:75,0
DA:76,0
DA:77,0
DA:78,0
DA:79,0
DA:80,8
DA:83,1
DA:84,145
DA:85,145
DA:86,145
DA:87,145
DA:88,145
DA:91,1
DA:92,51
DA:93,51
DA:94,51
DA:97,1
DA:98,9
DA:99,9
DA:100,9
DA:101,9
DA:104,1
DA:105,0
DA:106,0
DA:109,1
DA:110,6
DA:111,6
DA:112,6
DA:113,6
DA:114,6
DA:116,6
DA:117,42
DA:118,42
DA:119,42
DA:120,42
DA:122,6
DA:123,6
LF:95
LH:74
BRDA:11,0,0,93
BRDA:14,1,0,9
BRDA:14,2,0,84
BRDA:15,3,0,0
BRDA:22,4,0,75
BRDA:25,5,0,0
BRDA:31,6,0,2
BRDA:44,7,0,37
BRDA:49,8,0,15
BRDA:52,9,0,90
BRDA:59,10,0,8
BRDA:69,11,0,0
BRDA:83,12,0,145
BRDA:91,13,0,51
BRDA:93,14,0,0
BRDA:93,15,0,0
BRDA:97,16,0,9
BRDA:98,17,0,0
BRDA:99,18,0,0
BRDA:109,19,0,6
BRDA:113,20,0,0
BRDA:116,21,0,42
BRF:22
BRH:14
end_of_record
